<?xml version="1.0" encoding="UTF-8"?>
<!-- Generated by org.testng.reporters.JUnitReportReporter -->
<testsuite hostname="DESKTOP-GTI0JJ0" failures="0" tests="1" name="RunnerClass.RunnerScript" time="16.839" errors="0" timestamp="2022-12-12T18:19:10 IST" skipped="0">
  <testcase classname="RunnerClass.RunnerScript" name="printmessage" time="16.839"/>
  <system-out/>
</testsuite> <!-- RunnerClass.RunnerScript -->
